{"C:\\Users\\erick\\OneDrive\\Documentos\\BUAPOTO2024\\CalidadSoftware\\NutriApp\\backend\\config\\db.js": {"path":"C:\\Users\\erick\\OneDrive\\Documentos\\BUAPOTO2024\\CalidadSoftware\\NutriApp\\backend\\config\\db.js","statementMap":{"0":{"start":{"line":1,"column":22},"end":{"line":1,"column":42}},"1":{"start":{"line":4,"column":18},"end":{"line":8,"column":2}},"2":{"start":{"line":11,"column":0},"end":{"line":18,"column":5}},"3":{"start":{"line":12,"column":2},"end":{"line":17,"column":3}},"4":{"start":{"line":13,"column":4},"end":{"line":13,"column":35}},"5":{"start":{"line":14,"column":4},"end":{"line":14,"column":74}},"6":{"start":{"line":16,"column":4},"end":{"line":16,"column":68}},"7":{"start":{"line":20,"column":0},"end":{"line":20,"column":27}}},"fnMap":{"0":{"name":"(anonymous_0)","decl":{"start":{"line":11,"column":1},"end":{"line":11,"column":2}},"loc":{"start":{"line":11,"column":13},"end":{"line":18,"column":1}},"line":11}},"branchMap":{},"s":{"0":1,"1":1,"2":1,"3":1,"4":1,"5":0,"6":1,"7":1},"f":{"0":1},"b":{},"_coverageSchema":"1a1c01bbd47fc00a2c39e90264f33305004495a9","hash":"5c482804ac4406ff757fba810d7b028ef8908a6b"}
,"C:\\Users\\erick\\OneDrive\\Documentos\\BUAPOTO2024\\CalidadSoftware\\NutriApp\\backend\\controllers\\nutriologoController.js": {"path":"C:\\Users\\erick\\OneDrive\\Documentos\\BUAPOTO2024\\CalidadSoftware\\NutriApp\\backend\\controllers\\nutriologoController.js","statementMap":{"0":{"start":{"line":1,"column":15},"end":{"line":1,"column":32}},"1":{"start":{"line":2,"column":19},"end":{"line":2,"column":50}},"2":{"start":{"line":5,"column":27},"end":{"line":81,"column":1}},"3":{"start":{"line":17,"column":6},"end":{"line":17,"column":14}},"4":{"start":{"line":19,"column":2},"end":{"line":80,"column":3}},"5":{"start":{"line":20,"column":4},"end":{"line":33,"column":5}},"6":{"start":{"line":32,"column":6},"end":{"line":32,"column":84}},"7":{"start":{"line":35,"column":4},"end":{"line":37,"column":5}},"8":{"start":{"line":36,"column":6},"end":{"line":36,"column":79}},"9":{"start":{"line":39,"column":23},"end":{"line":39,"column":51}},"10":{"start":{"line":40,"column":4},"end":{"line":42,"column":5}},"11":{"start":{"line":41,"column":6},"end":{"line":41,"column":85}},"12":{"start":{"line":44,"column":31},"end":{"line":46,"column":6}},"13":{"start":{"line":47,"column":26},"end":{"line":49,"column":6}},"14":{"start":{"line":51,"column":4},"end":{"line":53,"column":5}},"15":{"start":{"line":52,"column":6},"end":{"line":52,"column":81}},"16":{"start":{"line":55,"column":4},"end":{"line":57,"column":5}},"17":{"start":{"line":56,"column":6},"end":{"line":56,"column":79}},"18":{"start":{"line":59,"column":27},"end":{"line":59,"column":58}},"19":{"start":{"line":61,"column":26},"end":{"line":71,"column":6}},"20":{"start":{"line":73,"column":4},"end":{"line":76,"column":7}},"21":{"start":{"line":78,"column":4},"end":{"line":78,"column":59}},"22":{"start":{"line":79,"column":4},"end":{"line":79,"column":68}},"23":{"start":{"line":83,"column":0},"end":{"line":85,"column":2}}},"fnMap":{"0":{"name":"(anonymous_0)","decl":{"start":{"line":5,"column":27},"end":{"line":5,"column":28}},"loc":{"start":{"line":5,"column":47},"end":{"line":81,"column":1}},"line":5}},"branchMap":{"0":{"loc":{"start":{"line":20,"column":4},"end":{"line":33,"column":5}},"type":"if","locations":[{"start":{"line":20,"column":4},"end":{"line":33,"column":5}},{"start":{},"end":{}}],"line":20},"1":{"loc":{"start":{"line":21,"column":6},"end":{"line":30,"column":22}},"type":"binary-expr","locations":[{"start":{"line":21,"column":6},"end":{"line":21,"column":11}},{"start":{"line":22,"column":6},"end":{"line":22,"column":16}},{"start":{"line":23,"column":6},"end":{"line":23,"column":16}},{"start":{"line":24,"column":6},"end":{"line":24,"column":18}},{"start":{"line":25,"column":6},"end":{"line":25,"column":12}},{"start":{"line":26,"column":6},"end":{"line":26,"column":11}},{"start":{"line":27,"column":6},"end":{"line":27,"column":14}},{"start":{"line":28,"column":6},"end":{"line":28,"column":12}},{"start":{"line":29,"column":6},"end":{"line":29,"column":15}},{"start":{"line":30,"column":6},"end":{"line":30,"column":22}}],"line":21},"2":{"loc":{"start":{"line":35,"column":4},"end":{"line":37,"column":5}},"type":"if","locations":[{"start":{"line":35,"column":4},"end":{"line":37,"column":5}},{"start":{},"end":{}}],"line":35},"3":{"loc":{"start":{"line":40,"column":4},"end":{"line":42,"column":5}},"type":"if","locations":[{"start":{"line":40,"column":4},"end":{"line":42,"column":5}},{"start":{},"end":{}}],"line":40},"4":{"loc":{"start":{"line":51,"column":4},"end":{"line":53,"column":5}},"type":"if","locations":[{"start":{"line":51,"column":4},"end":{"line":53,"column":5}},{"start":{},"end":{}}],"line":51},"5":{"loc":{"start":{"line":55,"column":4},"end":{"line":57,"column":5}},"type":"if","locations":[{"start":{"line":55,"column":4},"end":{"line":57,"column":5}},{"start":{},"end":{}}],"line":55}},"s":{"0":1,"1":1,"2":1,"3":4,"4":4,"5":4,"6":1,"7":3,"8":1,"9":2,"10":2,"11":0,"12":2,"13":2,"14":2,"15":0,"16":2,"17":0,"18":2,"19":2,"20":1,"21":1,"22":1,"23":1},"f":{"0":4},"b":{"0":[1,3],"1":[4,3,3,3,3,3,3,3,3,3],"2":[1,2],"3":[0,2],"4":[0,2],"5":[0,2]},"_coverageSchema":"1a1c01bbd47fc00a2c39e90264f33305004495a9","hash":"35e0dc81a417f26c48cf04af707349dd309e5ae6"}
,"C:\\Users\\erick\\OneDrive\\Documentos\\BUAPOTO2024\\CalidadSoftware\\NutriApp\\backend\\models\\Nutriologo.js": {"path":"C:\\Users\\erick\\OneDrive\\Documentos\\BUAPOTO2024\\CalidadSoftware\\NutriApp\\backend\\models\\Nutriologo.js","statementMap":{"0":{"start":{"line":1,"column":22},"end":{"line":1,"column":42}},"1":{"start":{"line":2,"column":18},"end":{"line":2,"column":44}},"2":{"start":{"line":4,"column":19},"end":{"line":53,"column":1}},"3":{"start":{"line":55,"column":0},"end":{"line":55,"column":28}}},"fnMap":{},"branchMap":{},"s":{"0":1,"1":1,"2":1,"3":1},"f":{},"b":{},"_coverageSchema":"1a1c01bbd47fc00a2c39e90264f33305004495a9","hash":"6c3986bb50079010ca88c283ab89425d2b3ef6cf"}
}
