TN:
SF:config\db.js
FN:11,(anonymous_0)
FNF:1
FNH:1
FNDA:1,(anonymous_0)
DA:1,1
DA:4,1
DA:11,1
DA:12,1
DA:13,1
DA:14,0
DA:16,1
DA:20,1
LF:8
LH:7
BRF:0
BRH:0
end_of_record
TN:
SF:controllers\nutriologoController.js
FN:5,(anonymous_0)
FNF:1
FNH:1
FNDA:4,(anonymous_0)
DA:1,1
DA:2,1
DA:5,1
DA:17,4
DA:19,4
DA:20,4
DA:32,1
DA:35,3
DA:36,1
DA:39,2
DA:40,2
DA:41,0
DA:44,2
DA:47,2
DA:51,2
DA:52,0
DA:55,2
DA:56,0
DA:59,2
DA:61,2
DA:73,1
DA:78,1
DA:79,1
DA:83,1
LF:24
LH:21
BRDA:20,0,0,1
BRDA:20,0,1,3
BRDA:21,1,0,4
BRDA:21,1,1,3
BRDA:21,1,2,3
BRDA:21,1,3,3
BRDA:21,1,4,3
BRDA:21,1,5,3
BRDA:21,1,6,3
BRDA:21,1,7,3
BRDA:21,1,8,3
BRDA:21,1,9,3
BRDA:35,2,0,1
BRDA:35,2,1,2
BRDA:40,3,0,0
BRDA:40,3,1,2
BRDA:51,4,0,0
BRDA:51,4,1,2
BRDA:55,5,0,0
BRDA:55,5,1,2
BRF:20
BRH:17
end_of_record
TN:
SF:models\Nutriologo.js
FNF:0
FNH:0
DA:1,1
DA:2,1
DA:4,1
DA:55,1
LF:4
LH:4
BRF:0
BRH:0
end_of_record
